TN:
SF:src/makeDiff.js
FN:5,default
FNF:1
FNH:1
FNDA:1,default
DA:1,1
DA:2,1
DA:3,1
DA:4,1
DA:5,1
DA:6,1
DA:7,1
DA:8,1
DA:9,1
DA:10,1
DA:11,1
DA:12,1
DA:13,1
DA:14,1
DA:15,4
DA:16,4
DA:17,4
DA:18,4
DA:19,4
DA:20,4
DA:21,4
DA:22,4
DA:23,4
DA:24,2
DA:25,2
DA:26,1
DA:27,1
DA:28,1
DA:29,2
DA:30,4
DA:31,2
DA:32,2
DA:33,1
DA:34,1
DA:35,1
DA:36,1
DA:37,1
DA:38,1
DA:39,1
DA:40,1
DA:41,1
DA:42,1
DA:43,1
DA:44,1
DA:45,1
LF:45
LH:45
BRDA:5,0,0,1
BRDA:14,1,0,4
BRDA:20,2,0,2
BRDA:20,3,0,2
BRDA:22,4,0,2
BRDA:23,5,0,2
BRDA:25,6,0,1
BRDA:30,7,0,2
BRDA:34,8,0,1
BRF:9
BRH:9
end_of_record
